[2025-03-30 18:13:45] Script started
[2025-03-30 18:13:48] Email sent to ashazpathan8@gmail.com for Ashaz Pathan
[2025-03-30 18:18:13] Script started
[2025-03-30 18:18:17] Email sent to ashazpathan8@gmail.com for David Anthony
[2025-03-30 18:19:16] Script started
[2025-03-30 18:19:19] Email sent to ashazpathan8@gmail.com for Smiti Chavan
[2025-03-30 18:30:00] Script started
[2025-03-30 18:30:05] Email sent to ashazpathan8@gmail.com for Ashaz Pathan
[2025-03-30 18:30:30] Script started
[2025-03-30 18:30:34] Email sent to ashazpathan8@gmail.com for Akshada Shirsat
[2025-03-30 18:32:56] Script started
[2025-03-30 18:32:59] Email sent to ashazpathan8@gmail.com for Ashaz Pathan
[2025-03-30 19:33:50] Script started
[2025-03-30 19:33:53] Email sent to ashazpathan8@gmail.com for Tejjas Chavan
[2025-03-30 19:34:15] Script started
[2025-03-30 19:34:19] Email sent to ashazpathan8@gmail.com for Ashaz Pathan
[2025-03-30 19:35:35] Script started
[2025-03-30 19:35:39] Email sent to ashazpathan8@gmail.com for Tejjas Chavan
[2025-03-31 11:28:16] Script started
[2025-03-31 11:28:21] Email sent to ashazpathan8@gmail.com for Ashaz Pathan
[2025-04-01 09:28:53] Script started
[2025-04-01 09:28:53] ERROR: SMTP Error: Could not connect to SMTP host. Failed to connect to server
[2025-04-01 09:33:28] Script started
[2025-04-01 09:33:32] Email sent to ashazpathan8@gmail.com for Ashaz Pathan
[2025-04-01 09:34:08] Script started
[2025-04-01 09:34:11] Email sent to ashazpathan8@gmail.com for Ashaz Pathan
[2025-04-01 09:35:20] Script started
[2025-04-01 09:35:24] Email sent to ashazpathan8@gmail.com for Smiti Chavan
[2025-04-01 09:35:24] Script started
[2025-04-01 09:35:28] Email sent to ashazpathan8@gmail.com for Smiti Chavan
[2025-04-01 09:35:28] Script started
[2025-04-01 09:35:31] Email sent to ashazpathan8@gmail.com for Ashaz Pathan
[2025-04-01 09:35:53] Script started
[2025-04-01 09:35:57] Email sent to ashazpathan8@gmail.com for Ashaz Pathan
[2025-04-01 09:35:57] Script started
[2025-04-01 09:36:00] Email sent to ashazpathan8@gmail.com for Smiti Chavan
[2025-04-01 09:36:27] Script started
[2025-04-01 09:36:31] Email sent to ashazpathan8@gmail.com for Akshada Shirsat
[2025-04-01 09:36:31] Script started
[2025-04-01 09:36:34] Email sent to ashazpathan8@gmail.com for Akshada Shirsat
[2025-04-01 09:39:50] Script started
[2025-04-01 09:39:53] Email sent to ashazpathan8@gmail.com for Ashaz Pathan
[2025-04-01 09:40:03] Script started
[2025-04-01 09:40:06] Email sent to smitichavan7@gmail.com for Smiti Chavan
[2025-04-01 09:41:30] Script started
[2025-04-01 09:41:34] Email sent to akshadashirsath139@gmail.com for Akshada Shirsat
[2025-04-02 17:58:34] Script started
[2025-04-02 17:58:38] Email sent to ashazpathan8@gmail.com for Ashaz Pathan
[2025-04-02 17:59:08] Script started
[2025-04-02 17:59:12] Email sent to ashazpathan8@gmail.com for Ashaz Pathan
[2025-04-06 08:48:32] Script started
[2025-04-06 08:48:36] Email sent to ashazpathan8@gmail.com for Ashaz Pathan
[2025-04-06 09:26:46] Script started
[2025-04-06 09:26:50] Email sent to ashazpathan8@gmail.com for Ashaz Pathan
[2025-04-07 03:39:42] Script started
[2025-04-07 03:39:46] Email sent to ashazpathan8@gmail.com for Ashaz Pathan
[2025-04-07 03:39:46] Script started
[2025-04-07 03:39:49] Email sent to aryashejwal900@gmail.com for Arya Shejjwal
[2025-04-07 03:40:05] Script started
[2025-04-07 03:40:08] Email sent to aryashejwal900@gmail.com for Arya Shejjwal
[2025-04-07 03:40:08] Script started
[2025-04-07 03:40:11] Email sent to ashazpathan8@gmail.com for Ashaz Pathan
[2025-04-07 03:41:03] Script started
[2025-04-07 03:41:06] Email sent to davidadavid123123@gmail.com for David Anthony
[2025-04-07 03:41:11] Script started
[2025-04-07 03:41:14] Email sent to davidadavid123123@gmail.com for David Anthony
[2025-04-16 06:54:34] Script started
[2025-04-16 06:54:40] Email sent to ashazpathan19@gmail.com for Ashaz Pathan
[2025-04-16 06:54:48] Script started
[2025-04-16 06:54:52] Email sent to smitichavan7@gmail.com for Smiti Chavan
[2025-04-16 06:58:26] Script started
[2025-04-16 06:58:32] Email sent to ashazpathan19@gmail.com for Ashaz Pathan
[2025-04-16 06:58:37] Script started
[2025-04-16 06:58:44] Email sent to smitichavan7@gmail.com for Smiti Chavan
[2025-04-17 05:48:13] Script started
[2025-04-17 05:48:19] Email sent to ashazpathan19@gmail.com for Ashaz Pathan
[2025-04-17 05:48:34] Script started
[2025-04-17 05:48:39] Email sent to ashazpathan19@gmail.com for Ashaz Pathan
[2025-04-17 06:47:30] Script started
[2025-04-17 06:47:36] Email sent to davidadavid123123@gmail.com for David Anthony
[2025-04-17 06:50:59] Script started
[2025-04-17 06:51:06] Email sent to davidadavid123123@gmail.com for David Anthony
[2025-04-19 08:24:19] Script started
[2025-04-19 08:24:23] Email sent to ashazpathan19@gmail.com for Ashaz Pathan
[2025-04-19 08:27:01] Script started
[2025-04-19 08:27:05] Email sent to ashazpathan19@gmail.com for Ashaz Pathan
[2025-04-19 08:27:05] Script started
[2025-04-19 08:27:09] Email sent to zaeemansari6666@gmail.com for Zaeem Ansari
[2025-04-19 08:27:09] Script started
[2025-04-19 08:27:13] Email sent to zaeemansari6666@gmail.com for Zaeem Ansari
[2025-06-18 16:00:14] Script started
[2025-06-18 16:00:15] ERROR: Extension missing: openssl
[2025-06-19 15:08:10] Script started
[2025-06-19 15:08:10] ERROR: Extension missing: openssl
